[01-12 14:44:31]: [INFO] Created column 'regdate' and set the current timestamp, 1768229071543, to all 0 rows
[01-12 14:44:31]: [INFO] SQLite Setup finished
[01-12 14:44:31]: [INFO] No supported permissions system found! Permissions are disabled!
[01-12 14:44:32]: [WARN] WARNING! The protectInventory feature requires ProtocolLib! Disabling it...
[01-12 14:44:32]: [INFO] AuthMe 5.6.0 build n.CUSTOM successfully enabled!
[01-12 14:44:32]: [INFO] Downloading GEO IP database, because the old database is older than 30 days or doesn't exist
[01-12 14:44:32]: [WARN] No MaxMind credentials found in the configuration file! GeoIp protections will be disabled.
[01-12 14:44:32]: [INFO] There is no newer GEO IP database uploaded to MaxMind. Using the old one for now.
[01-12 14:44:32]: [WARN] Could not download GeoLiteAPI database [FileNotFoundException]: plugins/AuthMe/GeoLite2-Country.mmdb (No such file or directory)
[01-12 14:44:32]: java.io.FileNotFoundException: plugins/AuthMe/GeoLite2-Country.mmdb (No such file or directory)
	at java.base/java.io.RandomAccessFile.open0(Native Method)
	at java.base/java.io.RandomAccessFile.open(RandomAccessFile.java:338)
	at java.base/java.io.RandomAccessFile.<init>(RandomAccessFile.java:257)
	at java.base/java.io.RandomAccessFile.<init>(RandomAccessFile.java:211)
	at fr.xephi.authme.libs.com.maxmind.db.BufferHolder.<init>(BufferHolder.java:20)
	at fr.xephi.authme.libs.com.maxmind.db.Reader.<init>(Reader.java:121)
	at fr.xephi.authme.service.GeoIpService.startReading(GeoIpService.java:179)
	at fr.xephi.authme.service.GeoIpService.updateDatabase(GeoIpService.java:150)
	at org.bukkit.craftbukkit.v1_12_R1.scheduler.CraftTask.run(CraftTask.java:64)
	at org.bukkit.craftbukkit.v1_12_R1.scheduler.CraftAsyncTask.run(CraftAsyncTask.java:52)
	at com.destroystokyo.paper.ServerSchedulerReportingWrapper.run(ServerSchedulerReportingWrapper.java:22)
	at java.base/java.util.concurrent.ThreadPoolExecutor.runWorker(ThreadPoolExecutor.java:1090)
	at java.base/java.util.concurrent.ThreadPoolExecutor$Worker.run(ThreadPoolExecutor.java:614)
	at java.base/java.lang.Thread.run(Thread.java:1474)

[01-12 14:45:25]: [FINE] 67mod3 registered 0:0:0:0:0:0:0:1%0
[01-12 14:45:25]: [FINE] 67mod3 logged in 0:0:0:0:0:0:0:1%0
[01-12 14:53:19]: [INFO] AuthMe 5.6.0-bCUSTOM disabled!
[01-12 16:34:22]: [INFO] SQLite Setup finished
[01-12 16:34:22]: [INFO] No supported permissions system found! Permissions are disabled!
[01-12 16:34:23]: [WARN] WARNING! The protectInventory feature requires ProtocolLib! Disabling it...
[01-12 16:34:23]: [INFO] AuthMe 5.6.0 build n.CUSTOM successfully enabled!
[01-12 16:34:23]: [INFO] Downloading GEO IP database, because the old database is older than 30 days or doesn't exist
[01-12 16:34:23]: [WARN] No MaxMind credentials found in the configuration file! GeoIp protections will be disabled.
[01-12 16:34:23]: [INFO] There is no newer GEO IP database uploaded to MaxMind. Using the old one for now.
[01-12 16:34:23]: [WARN] Could not download GeoLiteAPI database [FileNotFoundException]: plugins/AuthMe/GeoLite2-Country.mmdb (No such file or directory)
[01-12 16:34:23]: java.io.FileNotFoundException: plugins/AuthMe/GeoLite2-Country.mmdb (No such file or directory)
	at java.base/java.io.RandomAccessFile.open0(Native Method)
	at java.base/java.io.RandomAccessFile.open(RandomAccessFile.java:338)
	at java.base/java.io.RandomAccessFile.<init>(RandomAccessFile.java:257)
	at java.base/java.io.RandomAccessFile.<init>(RandomAccessFile.java:211)
	at fr.xephi.authme.libs.com.maxmind.db.BufferHolder.<init>(BufferHolder.java:20)
	at fr.xephi.authme.libs.com.maxmind.db.Reader.<init>(Reader.java:121)
	at fr.xephi.authme.service.GeoIpService.startReading(GeoIpService.java:179)
	at fr.xephi.authme.service.GeoIpService.updateDatabase(GeoIpService.java:150)
	at org.bukkit.craftbukkit.v1_12_R1.scheduler.CraftTask.run(CraftTask.java:64)
	at org.bukkit.craftbukkit.v1_12_R1.scheduler.CraftAsyncTask.run(CraftAsyncTask.java:52)
	at com.destroystokyo.paper.ServerSchedulerReportingWrapper.run(ServerSchedulerReportingWrapper.java:22)
	at java.base/java.util.concurrent.ThreadPoolExecutor.runWorker(ThreadPoolExecutor.java:1090)
	at java.base/java.util.concurrent.ThreadPoolExecutor$Worker.run(ThreadPoolExecutor.java:614)
	at java.base/java.lang.Thread.run(Thread.java:1474)

[01-12 16:35:26]: [FINE] 67mod3 logged in 0:0:0:0:0:0:0:1%0
[01-12 16:37:22]: [FINE] fbg1001 registered 0:0:0:0:0:0:0:1%0
[01-12 16:37:22]: [FINE] The user fbg1001 has 2 accounts:
[01-12 16:37:22]: [FINE] §767mod3, §afbg1001§7.
[01-12 16:37:22]: [FINE] fbg1001 logged in 0:0:0:0:0:0:0:1%0
[01-12 16:38:17]: [FINE] The user 67mod3 has 2 accounts:
[01-12 16:38:17]: [FINE] §7§a67mod3§7, §afbg1001§7.
[01-12 16:38:17]: [FINE] 67mod3 logged in 0:0:0:0:0:0:0:1%0
[01-12 16:39:56]: [FINE] ThatOneGuy67 registered 0:0:0:0:0:0:0:1%0
[01-12 16:39:56]: [FINE] The user ThatOneGuy67 has 3 accounts:
[01-12 16:39:56]: [FINE] §7§a67mod3§7, §afbg1001§7, §aThatOneGuy67§7.
[01-12 16:39:56]: [FINE] ThatOneGuy67 logged in 0:0:0:0:0:0:0:1%0
[01-12 17:05:35]: [FINE] The user ThatOneGuy67 has 3 accounts:
[01-12 17:05:35]: [FINE] §767mod3, fbg1001, §aThatOneGuy67§7.
[01-12 17:05:35]: [FINE] ThatOneGuy67 logged in 0:0:0:0:0:0:0:1%0
[01-12 18:50:11]: [INFO] SQLite Setup finished
[01-12 18:50:11]: [INFO] No supported permissions system found! Permissions are disabled!
[01-12 18:50:11]: [WARN] WARNING! The protectInventory feature requires ProtocolLib! Disabling it...
[01-12 18:50:11]: [INFO] AuthMe 5.6.0 build n.CUSTOM successfully enabled!
[01-12 18:50:12]: [INFO] Downloading GEO IP database, because the old database is older than 30 days or doesn't exist
[01-12 18:50:12]: [WARN] No MaxMind credentials found in the configuration file! GeoIp protections will be disabled.
[01-12 18:50:12]: [INFO] There is no newer GEO IP database uploaded to MaxMind. Using the old one for now.
[01-12 18:50:12]: [WARN] Could not download GeoLiteAPI database [FileNotFoundException]: plugins/AuthMe/GeoLite2-Country.mmdb (No such file or directory)
[01-12 18:50:12]: java.io.FileNotFoundException: plugins/AuthMe/GeoLite2-Country.mmdb (No such file or directory)
	at java.base/java.io.RandomAccessFile.open0(Native Method)
	at java.base/java.io.RandomAccessFile.open(RandomAccessFile.java:338)
	at java.base/java.io.RandomAccessFile.<init>(RandomAccessFile.java:257)
	at java.base/java.io.RandomAccessFile.<init>(RandomAccessFile.java:211)
	at fr.xephi.authme.libs.com.maxmind.db.BufferHolder.<init>(BufferHolder.java:20)
	at fr.xephi.authme.libs.com.maxmind.db.Reader.<init>(Reader.java:121)
	at fr.xephi.authme.service.GeoIpService.startReading(GeoIpService.java:179)
	at fr.xephi.authme.service.GeoIpService.updateDatabase(GeoIpService.java:150)
	at org.bukkit.craftbukkit.v1_12_R1.scheduler.CraftTask.run(CraftTask.java:64)
	at org.bukkit.craftbukkit.v1_12_R1.scheduler.CraftAsyncTask.run(CraftAsyncTask.java:52)
	at com.destroystokyo.paper.ServerSchedulerReportingWrapper.run(ServerSchedulerReportingWrapper.java:22)
	at java.base/java.util.concurrent.ThreadPoolExecutor.runWorker(ThreadPoolExecutor.java:1090)
	at java.base/java.util.concurrent.ThreadPoolExecutor$Worker.run(ThreadPoolExecutor.java:614)
	at java.base/java.lang.Thread.run(Thread.java:1474)

[01-12 18:50:46]: [FINE] The user 67mod3 has 3 accounts:
[01-12 18:50:46]: [FINE] §7§a67mod3§7, fbg1001, thatoneguy67.
[01-12 18:50:46]: [FINE] 67mod3 logged in 0:0:0:0:0:0:0:1%0
[01-12 18:59:22]: [FINE] The user 67mod3 has 3 accounts:
[01-12 18:59:22]: [FINE] §7§a67mod3§7, fbg1001, thatoneguy67.
[01-12 18:59:22]: [FINE] 67mod3 logged in 0:0:0:0:0:0:0:1%0
[01-12 19:05:01]: [FINE] The user 67mod3 has 3 accounts:
[01-12 19:05:01]: [FINE] §7§a67mod3§7, fbg1001, thatoneguy67.
[01-12 19:05:01]: [FINE] 67mod3 logged in 0:0:0:0:0:0:0:1%0
